Unity Editor version:    2021.2.8f1 (d0e5f0a7b06a)
Branch:                  2021.2/staging
Build type:              Release
Batch mode:              YES
macOS version:           Version 14.6.1 (Build 23G93)
Darwin version:          23.6.0
Architecture:            arm64
Running under Rosetta:   NO
Available memory:        18432 MB
Using pre-set license
Pro License: NO

COMMAND LINE ARGUMENTS:
/Applications/Unity/Unity.app/Contents/MacOS/Unity
-adb2
-batchMode
-noUpm
-name
AssetImportWorker2
-projectPath
/Users/jimtoogood/Unity/70% Coursework/70_Coursework
-logFile
Logs/AssetImportWorker2.log
-srvPort
49635
Successfully changed project path to: /Users/jimtoogood/Unity/70% Coursework/70_Coursework
/Users/jimtoogood/Unity/70% Coursework/70_Coursework
[UnityMemory] Configuration Parameters - Can be set up in boot.config
    "memorysetup-bucket-allocator-granularity=16"
    "memorysetup-bucket-allocator-bucket-count=8"
    "memorysetup-bucket-allocator-block-size=33554432"
    "memorysetup-bucket-allocator-block-count=8"
    "memorysetup-main-allocator-block-size=16777216"
    "memorysetup-thread-allocator-block-size=16777216"
    "memorysetup-gfx-main-allocator-block-size=16777216"
    "memorysetup-gfx-thread-allocator-block-size=16777216"
    "memorysetup-cache-allocator-block-size=4194304"
    "memorysetup-typetree-allocator-block-size=2097152"
    "memorysetup-profiler-bucket-allocator-granularity=16"
    "memorysetup-profiler-bucket-allocator-bucket-count=8"
    "memorysetup-profiler-bucket-allocator-block-size=33554432"
    "memorysetup-profiler-bucket-allocator-block-count=8"
    "memorysetup-profiler-allocator-block-size=16777216"
    "memorysetup-profiler-editor-allocator-block-size=1048576"
    "memorysetup-temp-allocator-size-main=16777216"
    "memorysetup-job-temp-allocator-block-size=2097152"
    "memorysetup-job-temp-allocator-block-size-background=1048576"
    "memorysetup-job-temp-allocator-reduction-small-platforms=262144"
    "memorysetup-temp-allocator-size-background-worker=32768"
    "memorysetup-temp-allocator-size-job-worker=262144"
    "memorysetup-temp-allocator-size-preload-manager=33554432"
    "memorysetup-temp-allocator-size-nav-mesh-worker=65536"
    "memorysetup-temp-allocator-size-audio-worker=65536"
    "memorysetup-temp-allocator-size-cloud-worker=32768"
    "memorysetup-temp-allocator-size-gi-baking-worker=262144"
    "memorysetup-temp-allocator-size-gfx=262144"
Refreshing native plugins compatible for Editor in 58.05 ms, found 2 plugins.
Preloading 0 native plugins for Editor in 0.00 ms.
Initialize engine version: 2021.2.8f1 (d0e5f0a7b06a)
[Subsystems] Discovering subsystems at path /Applications/Unity/Unity.app/Contents/Resources/UnitySubsystems
[Subsystems] Discovering subsystems at path /Users/jimtoogood/Unity/70% Coursework/70_Coursework/Assets
GfxDevice: creating device client; threaded=0; jobified=0
 preferred device: Apple M3 Pro (high power)
Metal devices available: 1
0: Apple M3 Pro (high power)
Using device Apple M3 Pro (high power)
Initializing Metal device caps: Apple M3 Pro
Initialize mono
Mono path[0] = '/Applications/Unity/Unity.app/Contents/Managed'
Mono path[1] = '/Applications/Unity/Unity.app/Contents/MonoBleedingEdge/lib/mono/unityjit-macos'
Mono config path = '/Applications/Unity/Unity.app/Contents/MonoBleedingEdge/etc'
Using monoOptions --debugger-agent=transport=dt_socket,embedding=1,server=y,suspend=n,address=127.0.0.1:56825
Begin MonoManager ReloadAssembly
Registering precompiled unity dll's ...
Register platform support module: /Applications/Unity/Unity.app/Contents/PlaybackEngines/MacStandaloneSupport/UnityEditor.OSXStandalone.Extensions.dll
Registered in 0.000875 seconds.
Native extension for OSXStandalone target not found
Refreshing native plugins compatible for Editor in 56.76 ms, found 2 plugins.
Preloading 0 native plugins for Editor in 0.00 ms.
Mono: successfully reloaded assembly
- Completed reload, in  0.330 seconds
Domain Reload Profiling:
	ReloadAssembly (330ms)
		BeginReloadAssembly (49ms)
			ExecutionOrderSort (0ms)
			DisableScriptedObjects (0ms)
			BackupInstance (0ms)
			ReleaseScriptingObjects (0ms)
			CreateAndSetChildDomain (0ms)
		EndReloadAssembly (242ms)
			LoadAssemblies (49ms)
			RebuildTransferFunctionScriptingTraits (0ms)
			SetupTypeCache (55ms)
			ReleaseScriptCaches (0ms)
			RebuildScriptCaches (15ms)
			SetupLoadedEditorAssemblies (148ms)
				LogAssemblyErrors (0ms)
				InitializePlatformSupportModulesInManaged (7ms)
				SetLoadedEditorAssemblies (0ms)
				RefreshPlugins (57ms)
				BeforeProcessingInitializeOnLoad (1ms)
				ProcessInitializeOnLoadAttributes (64ms)
				ProcessInitializeOnLoadMethodAttributes (19ms)
				AfterProcessingInitializeOnLoad (0ms)
				EditorAssembliesLoaded (0ms)
			ExecutionOrderSort2 (0ms)
			AwakeInstancesAfterBackupRestoration (0ms)
Platform modules already initialized, skipping
Registering precompiled user dll's ...
Registered in 0.004435 seconds.
Begin MonoManager ReloadAssembly
Symbol file LoadedFromMemory doesn't match image /Users/jimtoogood/Unity/70% Coursework/70_Coursework/Library/PackageCache/com.unity.visualscripting@1.7.6/Editor/VisualScripting.Core/Dependencies/YamlDotNet/Unity.VisualScripting.YamlDotNet.dll
Symbol file LoadedFromMemory doesn't match image /Users/jimtoogood/Unity/70% Coursework/70_Coursework/Library/PackageCache/com.unity.visualscripting@1.7.6/Editor/VisualScripting.Core/Dependencies/DotNetZip/Unity.VisualScripting.IonicZip.dll
Native extension for OSXStandalone target not found
Refreshing native plugins compatible for Editor in 0.37 ms, found 2 plugins.
Preloading 0 native plugins for Editor in 0.00 ms.
Mono: successfully reloaded assembly
- Completed reload, in  0.506 seconds
Domain Reload Profiling:
	ReloadAssembly (506ms)
		BeginReloadAssembly (43ms)
			ExecutionOrderSort (0ms)
			DisableScriptedObjects (3ms)
			BackupInstance (0ms)
			ReleaseScriptingObjects (0ms)
			CreateAndSetChildDomain (12ms)
		EndReloadAssembly (414ms)
			LoadAssemblies (39ms)
			RebuildTransferFunctionScriptingTraits (0ms)
			SetupTypeCache (139ms)
			ReleaseScriptCaches (0ms)
			RebuildScriptCaches (29ms)
			SetupLoadedEditorAssemblies (182ms)
				LogAssemblyErrors (0ms)
				InitializePlatformSupportModulesInManaged (5ms)
				SetLoadedEditorAssemblies (0ms)
				RefreshPlugins (0ms)
				BeforeProcessingInitializeOnLoad (46ms)
				ProcessInitializeOnLoadAttributes (118ms)
				ProcessInitializeOnLoadMethodAttributes (12ms)
				AfterProcessingInitializeOnLoad (1ms)
				EditorAssembliesLoaded (0ms)
			ExecutionOrderSort2 (0ms)
			AwakeInstancesAfterBackupRestoration (2ms)
Platform modules already initialized, skipping
========================================================================
Worker process is ready to serve import requests
Launching external process: /Applications/Unity/Unity.app/Contents/Tools/UnityShaderCompiler
Launched and connected shader compiler UnityShaderCompiler after 0.03 seconds
Refreshing native plugins compatible for Editor in 0.40 ms, found 2 plugins.
Preloading 0 native plugins for Editor in 0.00 ms.
Unloading 3620 Unused Serialized files (Serialized files now loaded: 0)
Unloading 26 unused Assets / (89.5 KB). Loaded Objects now: 4104.
Memory consumption went from 119.2 MB to 119.1 MB.
Total: 3.289750 ms (FindLiveObjects: 0.130333 ms CreateObjectMapping: 0.035042 ms MarkObjects: 3.042333 ms  DeleteObjects: 0.081041 ms)

AssetImportParameters requested are different than current active one (requested -> active):
  custom:video-decoder-ogg-theora: a1e56fd34408186e4bbccfd4996cb3dc -> 
  custom:container-muxer-webm: aa71ff27fc2769a1b78a27578f13a17b -> 
  custom:container-demuxer-webm: 4f35f7cbe854078d1ac9338744f61a02 -> 
  custom:video-encoder-webm-vp8: eb34c28f22e8b96e1ab97ce403110664 -> 
  custom:framework-osx-AVFoundation: e770b220cccbd017edd2c1fefb359320 -> 
  custom:audio-encoder-webm-vorbis: bf7c407c2cedff20999df2af8eb42d56 -> 
  custom:container-demuxer-ogg: 62fdf1f143b41e24485cea50d1cbac27 -> 
  custom:video-decoder-webm-vp8: 9c59270c3fd7afecdb556c50c9e8de78 -> 
  custom:audio-decoder-ogg-vorbis: bf7c407c2cedff20999df2af8eb42d56 -> 
========================================================================
Received Prepare
Registering precompiled user dll's ...
Registered in 0.001097 seconds.
Begin MonoManager ReloadAssembly
Thread 0x17ee17000 may have been prematurely finalized
Symbol file LoadedFromMemory doesn't match image /Users/jimtoogood/Unity/70% Coursework/70_Coursework/Library/PackageCache/com.unity.visualscripting@1.7.6/Editor/VisualScripting.Core/Dependencies/YamlDotNet/Unity.VisualScripting.YamlDotNet.dll
Symbol file LoadedFromMemory doesn't match image /Users/jimtoogood/Unity/70% Coursework/70_Coursework/Library/PackageCache/com.unity.visualscripting@1.7.6/Editor/VisualScripting.Core/Dependencies/DotNetZip/Unity.VisualScripting.IonicZip.dll
Native extension for OSXStandalone target not found
Refreshing native plugins compatible for Editor in 0.46 ms, found 2 plugins.
Preloading 0 native plugins for Editor in 0.00 ms.
Mono: successfully reloaded assembly
- Completed reload, in  0.499 seconds
Domain Reload Profiling:
	ReloadAssembly (499ms)
		BeginReloadAssembly (63ms)
			ExecutionOrderSort (0ms)
			DisableScriptedObjects (2ms)
			BackupInstance (0ms)
			ReleaseScriptingObjects (0ms)
			CreateAndSetChildDomain (23ms)
		EndReloadAssembly (388ms)
			LoadAssemblies (28ms)
			RebuildTransferFunctionScriptingTraits (0ms)
			SetupTypeCache (154ms)
			ReleaseScriptCaches (1ms)
			RebuildScriptCaches (26ms)
			SetupLoadedEditorAssemblies (151ms)
				LogAssemblyErrors (0ms)
				InitializePlatformSupportModulesInManaged (4ms)
				SetLoadedEditorAssemblies (0ms)
				RefreshPlugins (0ms)
				BeforeProcessingInitializeOnLoad (32ms)
				ProcessInitializeOnLoadAttributes (103ms)
				ProcessInitializeOnLoadMethodAttributes (11ms)
				AfterProcessingInitializeOnLoad (1ms)
				EditorAssembliesLoaded (0ms)
			ExecutionOrderSort2 (0ms)
			AwakeInstancesAfterBackupRestoration (2ms)
Platform modules already initialized, skipping
Refreshing native plugins compatible for Editor in 0.48 ms, found 2 plugins.
Preloading 0 native plugins for Editor in 0.00 ms.
Unloading 3582 Unused Serialized files (Serialized files now loaded: 0)
Unloading 22 unused Assets / (73.0 KB). Loaded Objects now: 4106.
Memory consumption went from 118.1 MB to 118.1 MB.
Total: 2.465917 ms (FindLiveObjects: 0.187333 ms CreateObjectMapping: 0.034792 ms MarkObjects: 2.164958 ms  DeleteObjects: 0.077708 ms)

AssetImportParameters requested are different than current active one (requested -> active):
  custom:video-decoder-ogg-theora: a1e56fd34408186e4bbccfd4996cb3dc -> 
  custom:container-muxer-webm: aa71ff27fc2769a1b78a27578f13a17b -> 
  custom:container-demuxer-webm: 4f35f7cbe854078d1ac9338744f61a02 -> 
  custom:video-encoder-webm-vp8: eb34c28f22e8b96e1ab97ce403110664 -> 
  custom:framework-osx-AVFoundation: e770b220cccbd017edd2c1fefb359320 -> 
  custom:audio-encoder-webm-vorbis: bf7c407c2cedff20999df2af8eb42d56 -> 
  custom:container-demuxer-ogg: 62fdf1f143b41e24485cea50d1cbac27 -> 
  custom:video-decoder-webm-vp8: 9c59270c3fd7afecdb556c50c9e8de78 -> 
  custom:audio-decoder-ogg-vorbis: bf7c407c2cedff20999df2af8eb42d56 -> 
========================================================================
Received Prepare
Registering precompiled user dll's ...
Registered in 0.001367 seconds.
Begin MonoManager ReloadAssembly
Thread 0x17ee17000 may have been prematurely finalized
Symbol file LoadedFromMemory doesn't match image /Users/jimtoogood/Unity/70% Coursework/70_Coursework/Library/PackageCache/com.unity.visualscripting@1.7.6/Editor/VisualScripting.Core/Dependencies/YamlDotNet/Unity.VisualScripting.YamlDotNet.dll
Symbol file LoadedFromMemory doesn't match image /Users/jimtoogood/Unity/70% Coursework/70_Coursework/Library/PackageCache/com.unity.visualscripting@1.7.6/Editor/VisualScripting.Core/Dependencies/DotNetZip/Unity.VisualScripting.IonicZip.dll
Native extension for OSXStandalone target not found
Refreshing native plugins compatible for Editor in 0.36 ms, found 2 plugins.
Preloading 0 native plugins for Editor in 0.00 ms.
Mono: successfully reloaded assembly
- Completed reload, in  0.538 seconds
Domain Reload Profiling:
	ReloadAssembly (539ms)
		BeginReloadAssembly (98ms)
			ExecutionOrderSort (0ms)
			DisableScriptedObjects (3ms)
			BackupInstance (0ms)
			ReleaseScriptingObjects (0ms)
			CreateAndSetChildDomain (48ms)
		EndReloadAssembly (391ms)
			LoadAssemblies (36ms)
			RebuildTransferFunctionScriptingTraits (0ms)
			SetupTypeCache (159ms)
			ReleaseScriptCaches (1ms)
			RebuildScriptCaches (26ms)
			SetupLoadedEditorAssemblies (150ms)
				LogAssemblyErrors (0ms)
				InitializePlatformSupportModulesInManaged (4ms)
				SetLoadedEditorAssemblies (0ms)
				RefreshPlugins (0ms)
				BeforeProcessingInitializeOnLoad (32ms)
				ProcessInitializeOnLoadAttributes (101ms)
				ProcessInitializeOnLoadMethodAttributes (11ms)
				AfterProcessingInitializeOnLoad (1ms)
				EditorAssembliesLoaded (0ms)
			ExecutionOrderSort2 (0ms)
			AwakeInstancesAfterBackupRestoration (2ms)
Platform modules already initialized, skipping
Refreshing native plugins compatible for Editor in 0.52 ms, found 2 plugins.
Preloading 0 native plugins for Editor in 0.00 ms.
Unloading 3582 Unused Serialized files (Serialized files now loaded: 0)
Unloading 22 unused Assets / (81.0 KB). Loaded Objects now: 4108.
Memory consumption went from 120.3 MB to 120.3 MB.
Total: 2.543458 ms (FindLiveObjects: 0.161834 ms CreateObjectMapping: 0.036208 ms MarkObjects: 2.256250 ms  DeleteObjects: 0.088417 ms)

AssetImportParameters requested are different than current active one (requested -> active):
  custom:video-decoder-ogg-theora: a1e56fd34408186e4bbccfd4996cb3dc -> 
  custom:container-muxer-webm: aa71ff27fc2769a1b78a27578f13a17b -> 
  custom:container-demuxer-webm: 4f35f7cbe854078d1ac9338744f61a02 -> 
  custom:video-encoder-webm-vp8: eb34c28f22e8b96e1ab97ce403110664 -> 
  custom:framework-osx-AVFoundation: e770b220cccbd017edd2c1fefb359320 -> 
  custom:audio-encoder-webm-vorbis: bf7c407c2cedff20999df2af8eb42d56 -> 
  custom:container-demuxer-ogg: 62fdf1f143b41e24485cea50d1cbac27 -> 
  custom:video-decoder-webm-vp8: 9c59270c3fd7afecdb556c50c9e8de78 -> 
  custom:audio-decoder-ogg-vorbis: bf7c407c2cedff20999df2af8eb42d56 -> 
========================================================================
Received Import Request.
  Time since last request: 324817.634551 seconds.
  path: Assets/Textures/grass.png
  artifactKey: Guid(af0ad9b0ba1cb46c088203503d674627) Importer(815301076,1909f56bfc062723c751e8b465ee728b)
Start importing Assets/Textures/grass.png using Guid(af0ad9b0ba1cb46c088203503d674627) Importer(815301076,1909f56bfc062723c751e8b465ee728b)  -> (artifact id: '7bb33cb725c997c497caa9ecb078e043') in 0.118407 seconds 
========================================================================
Received Prepare
Registering precompiled user dll's ...
Registered in 0.001078 seconds.
Begin MonoManager ReloadAssembly
Thread 0x16fa0f000 may have been prematurely finalized
Symbol file LoadedFromMemory doesn't match image /Users/jimtoogood/Unity/70% Coursework/70_Coursework/Library/PackageCache/com.unity.visualscripting@1.7.6/Editor/VisualScripting.Core/Dependencies/YamlDotNet/Unity.VisualScripting.YamlDotNet.dll
Symbol file LoadedFromMemory doesn't match image /Users/jimtoogood/Unity/70% Coursework/70_Coursework/Library/PackageCache/com.unity.visualscripting@1.7.6/Editor/VisualScripting.Core/Dependencies/DotNetZip/Unity.VisualScripting.IonicZip.dll
Native extension for OSXStandalone target not found
Refreshing native plugins compatible for Editor in 0.53 ms, found 2 plugins.
Preloading 0 native plugins for Editor in 0.00 ms.
Mono: successfully reloaded assembly
- Completed reload, in  0.501 seconds
Domain Reload Profiling:
	ReloadAssembly (501ms)
		BeginReloadAssembly (70ms)
			ExecutionOrderSort (0ms)
			DisableScriptedObjects (2ms)
			BackupInstance (0ms)
			ReleaseScriptingObjects (0ms)
			CreateAndSetChildDomain (29ms)
		EndReloadAssembly (381ms)
			LoadAssemblies (26ms)
			RebuildTransferFunctionScriptingTraits (0ms)
			SetupTypeCache (153ms)
			ReleaseScriptCaches (1ms)
			RebuildScriptCaches (26ms)
			SetupLoadedEditorAssemblies (146ms)
				LogAssemblyErrors (0ms)
				InitializePlatformSupportModulesInManaged (4ms)
				SetLoadedEditorAssemblies (0ms)
				RefreshPlugins (1ms)
				BeforeProcessingInitializeOnLoad (32ms)
				ProcessInitializeOnLoadAttributes (98ms)
				ProcessInitializeOnLoadMethodAttributes (11ms)
				AfterProcessingInitializeOnLoad (1ms)
				EditorAssembliesLoaded (0ms)
			ExecutionOrderSort2 (0ms)
			AwakeInstancesAfterBackupRestoration (4ms)
Platform modules already initialized, skipping
Refreshing native plugins compatible for Editor in 0.49 ms, found 2 plugins.
Preloading 0 native plugins for Editor in 0.00 ms.
Unloading 3583 Unused Serialized files (Serialized files now loaded: 0)
Unloading 22 unused Assets / (73.1 KB). Loaded Objects now: 4127.
Memory consumption went from 204.8 MB to 204.7 MB.
Total: 2.285834 ms (FindLiveObjects: 0.130500 ms CreateObjectMapping: 0.033958 ms MarkObjects: 2.049208 ms  DeleteObjects: 0.071500 ms)

AssetImportParameters requested are different than current active one (requested -> active):
  custom:video-decoder-ogg-theora: a1e56fd34408186e4bbccfd4996cb3dc -> 
  custom:container-muxer-webm: aa71ff27fc2769a1b78a27578f13a17b -> 
  custom:container-demuxer-webm: 4f35f7cbe854078d1ac9338744f61a02 -> 
  custom:video-encoder-webm-vp8: eb34c28f22e8b96e1ab97ce403110664 -> 
  custom:framework-osx-AVFoundation: e770b220cccbd017edd2c1fefb359320 -> 
  custom:audio-encoder-webm-vorbis: bf7c407c2cedff20999df2af8eb42d56 -> 
  custom:container-demuxer-ogg: 62fdf1f143b41e24485cea50d1cbac27 -> 
  custom:video-decoder-webm-vp8: 9c59270c3fd7afecdb556c50c9e8de78 -> 
  custom:audio-decoder-ogg-vorbis: bf7c407c2cedff20999df2af8eb42d56 -> 
========================================================================
Received Import Request.
  Time since last request: 103.115486 seconds.
  path: Assets/Textures/grass_normal.png
  artifactKey: Guid(1249126b6fc2b40c8bc5821d6dd9dedd) Importer(815301076,1909f56bfc062723c751e8b465ee728b)
Start importing Assets/Textures/grass_normal.png using Guid(1249126b6fc2b40c8bc5821d6dd9dedd) Importer(815301076,1909f56bfc062723c751e8b465ee728b)  -> (artifact id: '029daa53a3c9864053ab7b3dcf6c22ce') in 0.110506 seconds 
========================================================================
Received Import Request.
  Time since last request: 37.733141 seconds.
  path: Assets/Textures/grass_amibent_occlusion.png
  artifactKey: Guid(4b541200ee99c43b78e1c68d4a0b81c7) Importer(815301076,1909f56bfc062723c751e8b465ee728b)
Start importing Assets/Textures/grass_amibent_occlusion.png using Guid(4b541200ee99c43b78e1c68d4a0b81c7) Importer(815301076,1909f56bfc062723c751e8b465ee728b)  -> (artifact id: '04f859a13966b6c148404a517026e2e4') in 0.018663 seconds 
========================================================================
Received Import Request.
  Time since last request: 46.210224 seconds.
  path: Assets/Textures/grass_normal_2.png
  artifactKey: Guid(356e59cb113e549798e92f90ec37a760) Importer(815301076,1909f56bfc062723c751e8b465ee728b)
Start importing Assets/Textures/grass_normal_2.png using Guid(356e59cb113e549798e92f90ec37a760) Importer(815301076,1909f56bfc062723c751e8b465ee728b)  -> (artifact id: '009b980427efd28c871fd8d1c77f6df7') in 0.011709 seconds 
========================================================================
Received Import Request.
  Time since last request: 75.203927 seconds.
  path: Assets/Textures/grass_normal.png
  artifactKey: Guid(1249126b6fc2b40c8bc5821d6dd9dedd) Importer(815301076,1909f56bfc062723c751e8b465ee728b)
Start importing Assets/Textures/grass_normal.png using Guid(1249126b6fc2b40c8bc5821d6dd9dedd) Importer(815301076,1909f56bfc062723c751e8b465ee728b)  -> (artifact id: 'aec283fcc7ca105be461b8ba1cb62347') in 0.066741 seconds 
========================================================================
Received Import Request.
  Time since last request: 10.442908 seconds.
  path: Assets/Textures/grass_normal.png
  artifactKey: Guid(1249126b6fc2b40c8bc5821d6dd9dedd) Importer(815301076,1909f56bfc062723c751e8b465ee728b)
Start importing Assets/Textures/grass_normal.png using Guid(1249126b6fc2b40c8bc5821d6dd9dedd) Importer(815301076,1909f56bfc062723c751e8b465ee728b)  -> (artifact id: '075ce7503d204e39146040bf3b3854a6') in 0.072625 seconds 
========================================================================
Received Import Request.
  Time since last request: 25.133707 seconds.
  path: Assets/Textures/Grass Layer.terrainlayer
  artifactKey: Guid(bd5de78b0245f46b8bc8a24ec3acc5fa) Importer(815301076,1909f56bfc062723c751e8b465ee728b)
Start importing Assets/Textures/Grass Layer.terrainlayer using Guid(bd5de78b0245f46b8bc8a24ec3acc5fa) Importer(815301076,1909f56bfc062723c751e8b465ee728b)  -> (artifact id: '9c2dbc880a814fa9ae6c4c8ac99d6635') in 0.063350 seconds 
========================================================================
Received Import Request.
  Time since last request: 89.342807 seconds.
  path: Assets/Textures/Environment/grass.png
  artifactKey: Guid(af0ad9b0ba1cb46c088203503d674627) Importer(815301076,1909f56bfc062723c751e8b465ee728b)
Start importing Assets/Textures/Environment/grass.png using Guid(af0ad9b0ba1cb46c088203503d674627) Importer(815301076,1909f56bfc062723c751e8b465ee728b)  -> (artifact id: '36b7391bf512d7f5ad69aa3bbd2a6e99') in 0.021022 seconds 
========================================================================
Received Import Request.
  Time since last request: 3.435316 seconds.
  path: Assets/Textures/Environment/grass.png
  artifactKey: Guid(af0ad9b0ba1cb46c088203503d674627) Importer(815301076,1909f56bfc062723c751e8b465ee728b)
Start importing Assets/Textures/Environment/grass.png using Guid(af0ad9b0ba1cb46c088203503d674627) Importer(815301076,1909f56bfc062723c751e8b465ee728b)  -> (artifact id: '0ccc2daa39208b67ef15459edd6e15f0') in 0.009798 seconds 
========================================================================
Received Prepare
Registering precompiled user dll's ...
Registered in 0.001259 seconds.
Begin MonoManager ReloadAssembly
Thread 0x16fa0f000 may have been prematurely finalized
Symbol file LoadedFromMemory doesn't match image /Users/jimtoogood/Unity/70% Coursework/70_Coursework/Library/PackageCache/com.unity.visualscripting@1.7.6/Editor/VisualScripting.Core/Dependencies/YamlDotNet/Unity.VisualScripting.YamlDotNet.dll
Symbol file LoadedFromMemory doesn't match image /Users/jimtoogood/Unity/70% Coursework/70_Coursework/Library/PackageCache/com.unity.visualscripting@1.7.6/Editor/VisualScripting.Core/Dependencies/DotNetZip/Unity.VisualScripting.IonicZip.dll
Native extension for OSXStandalone target not found
Refreshing native plugins compatible for Editor in 0.31 ms, found 2 plugins.
Preloading 0 native plugins for Editor in 0.00 ms.
Mono: successfully reloaded assembly
- Completed reload, in  0.539 seconds
Domain Reload Profiling:
	ReloadAssembly (539ms)
		BeginReloadAssembly (100ms)
			ExecutionOrderSort (0ms)
			DisableScriptedObjects (3ms)
			BackupInstance (0ms)
			ReleaseScriptingObjects (0ms)
			CreateAndSetChildDomain (44ms)
		EndReloadAssembly (389ms)
			LoadAssemblies (32ms)
			RebuildTransferFunctionScriptingTraits (0ms)
			SetupTypeCache (163ms)
			ReleaseScriptCaches (1ms)
			RebuildScriptCaches (26ms)
			SetupLoadedEditorAssemblies (141ms)
				LogAssemblyErrors (0ms)
				InitializePlatformSupportModulesInManaged (4ms)
				SetLoadedEditorAssemblies (0ms)
				RefreshPlugins (0ms)
				BeforeProcessingInitializeOnLoad (32ms)
				ProcessInitializeOnLoadAttributes (93ms)
				ProcessInitializeOnLoadMethodAttributes (10ms)
				AfterProcessingInitializeOnLoad (0ms)
				EditorAssembliesLoaded (0ms)
			ExecutionOrderSort2 (0ms)
			AwakeInstancesAfterBackupRestoration (4ms)
Platform modules already initialized, skipping
Refreshing native plugins compatible for Editor in 0.37 ms, found 2 plugins.
Preloading 0 native plugins for Editor in 0.00 ms.
Unloading 3583 Unused Serialized files (Serialized files now loaded: 0)
Unloading 22 unused Assets / (73.1 KB). Loaded Objects now: 4233.
Memory consumption went from 296.4 MB to 296.3 MB.
Total: 2.892791 ms (FindLiveObjects: 0.185500 ms CreateObjectMapping: 0.036791 ms MarkObjects: 2.597542 ms  DeleteObjects: 0.072500 ms)

AssetImportParameters requested are different than current active one (requested -> active):
  custom:video-decoder-ogg-theora: a1e56fd34408186e4bbccfd4996cb3dc -> 
  custom:container-muxer-webm: aa71ff27fc2769a1b78a27578f13a17b -> 
  custom:container-demuxer-webm: 4f35f7cbe854078d1ac9338744f61a02 -> 
  custom:video-encoder-webm-vp8: eb34c28f22e8b96e1ab97ce403110664 -> 
  custom:framework-osx-AVFoundation: e770b220cccbd017edd2c1fefb359320 -> 
  custom:audio-encoder-webm-vorbis: bf7c407c2cedff20999df2af8eb42d56 -> 
  custom:container-demuxer-ogg: 62fdf1f143b41e24485cea50d1cbac27 -> 
  custom:video-decoder-webm-vp8: 9c59270c3fd7afecdb556c50c9e8de78 -> 
  custom:audio-decoder-ogg-vorbis: bf7c407c2cedff20999df2af8eb42d56 -> 
========================================================================
Received Import Request.
  Time since last request: 23.190103 seconds.
  path: Assets/Textures/Environment/grass.png
  artifactKey: Guid(af0ad9b0ba1cb46c088203503d674627) Importer(815301076,1909f56bfc062723c751e8b465ee728b)
Start importing Assets/Textures/Environment/grass.png using Guid(af0ad9b0ba1cb46c088203503d674627) Importer(815301076,1909f56bfc062723c751e8b465ee728b)  -> (artifact id: '0281beba9b9a18bb2ff90dab9c60718a') in 0.074000 seconds 
========================================================================
Received Prepare
Registering precompiled user dll's ...
Registered in 0.001421 seconds.
Begin MonoManager ReloadAssembly
Thread 0x16fa0f000 may have been prematurely finalized
Symbol file LoadedFromMemory doesn't match image /Users/jimtoogood/Unity/70% Coursework/70_Coursework/Library/PackageCache/com.unity.visualscripting@1.7.6/Editor/VisualScripting.Core/Dependencies/YamlDotNet/Unity.VisualScripting.YamlDotNet.dll
Symbol file LoadedFromMemory doesn't match image /Users/jimtoogood/Unity/70% Coursework/70_Coursework/Library/PackageCache/com.unity.visualscripting@1.7.6/Editor/VisualScripting.Core/Dependencies/DotNetZip/Unity.VisualScripting.IonicZip.dll
Native extension for OSXStandalone target not found
Refreshing native plugins compatible for Editor in 0.46 ms, found 2 plugins.
Preloading 0 native plugins for Editor in 0.00 ms.
Mono: successfully reloaded assembly
- Completed reload, in  0.493 seconds
Domain Reload Profiling:
	ReloadAssembly (493ms)
		BeginReloadAssembly (71ms)
			ExecutionOrderSort (0ms)
			DisableScriptedObjects (3ms)
			BackupInstance (0ms)
			ReleaseScriptingObjects (0ms)
			CreateAndSetChildDomain (31ms)
		EndReloadAssembly (371ms)
			LoadAssemblies (26ms)
			RebuildTransferFunctionScriptingTraits (0ms)
			SetupTypeCache (141ms)
			ReleaseScriptCaches (1ms)
			RebuildScriptCaches (26ms)
			SetupLoadedEditorAssemblies (149ms)
				LogAssemblyErrors (0ms)
				InitializePlatformSupportModulesInManaged (4ms)
				SetLoadedEditorAssemblies (0ms)
				RefreshPlugins (0ms)
				BeforeProcessingInitializeOnLoad (32ms)
				ProcessInitializeOnLoadAttributes (100ms)
				ProcessInitializeOnLoadMethodAttributes (10ms)
				AfterProcessingInitializeOnLoad (1ms)
				EditorAssembliesLoaded (0ms)
			ExecutionOrderSort2 (0ms)
			AwakeInstancesAfterBackupRestoration (5ms)
Platform modules already initialized, skipping
Refreshing native plugins compatible for Editor in 0.38 ms, found 2 plugins.
Preloading 0 native plugins for Editor in 0.00 ms.
Unloading 3582 Unused Serialized files (Serialized files now loaded: 0)
Unloading 22 unused Assets / (88.8 KB). Loaded Objects now: 4249.
Memory consumption went from 299.2 MB to 299.1 MB.
Total: 2.700250 ms (FindLiveObjects: 0.135333 ms CreateObjectMapping: 0.034708 ms MarkObjects: 2.458500 ms  DeleteObjects: 0.071333 ms)

AssetImportParameters requested are different than current active one (requested -> active):
  custom:video-decoder-ogg-theora: a1e56fd34408186e4bbccfd4996cb3dc -> 
  custom:container-muxer-webm: aa71ff27fc2769a1b78a27578f13a17b -> 
  custom:container-demuxer-webm: 4f35f7cbe854078d1ac9338744f61a02 -> 
  custom:video-encoder-webm-vp8: eb34c28f22e8b96e1ab97ce403110664 -> 
  custom:framework-osx-AVFoundation: e770b220cccbd017edd2c1fefb359320 -> 
  custom:audio-encoder-webm-vorbis: bf7c407c2cedff20999df2af8eb42d56 -> 
  custom:container-demuxer-ogg: 62fdf1f143b41e24485cea50d1cbac27 -> 
  custom:video-decoder-webm-vp8: 9c59270c3fd7afecdb556c50c9e8de78 -> 
  custom:audio-decoder-ogg-vorbis: bf7c407c2cedff20999df2af8eb42d56 -> 
========================================================================
Received Import Request.
  Time since last request: 175.811042 seconds.
  path: Assets/Textures/Environment/dirt.png
  artifactKey: Guid(912b394089737485a89ab133ae324aab) Importer(815301076,1909f56bfc062723c751e8b465ee728b)
Start importing Assets/Textures/Environment/dirt.png using Guid(912b394089737485a89ab133ae324aab) Importer(815301076,1909f56bfc062723c751e8b465ee728b)  -> (artifact id: 'cc2aee217f3ebd327f9fba86d583050e') in 0.068002 seconds 
========================================================================
Received Import Request.
  Time since last request: 4.069646 seconds.
  path: Assets/Textures/Environment/dirt.png
  artifactKey: Guid(912b394089737485a89ab133ae324aab) Importer(815301076,1909f56bfc062723c751e8b465ee728b)
Start importing Assets/Textures/Environment/dirt.png using Guid(912b394089737485a89ab133ae324aab) Importer(815301076,1909f56bfc062723c751e8b465ee728b)  -> (artifact id: 'c3c3cb4e9cb6889e6e5ee1430e062a22') in 0.010639 seconds 
========================================================================
Received Import Request.
  Time since last request: 4.697432 seconds.
  path: Assets/Textures/Environment/dirt_normal.png
  artifactKey: Guid(99e17cc20b359455b96ed7ece03744a9) Importer(815301076,1909f56bfc062723c751e8b465ee728b)
Start importing Assets/Textures/Environment/dirt_normal.png using Guid(99e17cc20b359455b96ed7ece03744a9) Importer(815301076,1909f56bfc062723c751e8b465ee728b)  -> (artifact id: 'af99f2e3322e6bb42dd28ae76a77a2a1') in 0.013238 seconds 
========================================================================
Received Import Request.
  Time since last request: 3.604728 seconds.
  path: Assets/Textures/Environment/grass.png
  artifactKey: Guid(af0ad9b0ba1cb46c088203503d674627) Importer(815301076,1909f56bfc062723c751e8b465ee728b)
Start importing Assets/Textures/Environment/grass.png using Guid(af0ad9b0ba1cb46c088203503d674627) Importer(815301076,1909f56bfc062723c751e8b465ee728b)  -> (artifact id: '9ee3b02ac241bc9ee29962f8590f66d0') in 0.011990 seconds 
========================================================================
Received Import Request.
  Time since last request: 2.940361 seconds.
  path: Assets/Textures/Environment/grass_normal.png
  artifactKey: Guid(1249126b6fc2b40c8bc5821d6dd9dedd) Importer(815301076,1909f56bfc062723c751e8b465ee728b)
Start importing Assets/Textures/Environment/grass_normal.png using Guid(1249126b6fc2b40c8bc5821d6dd9dedd) Importer(815301076,1909f56bfc062723c751e8b465ee728b)  -> (artifact id: '2b273e1a4b09600cf5908d06ab9a1b25') in 0.012347 seconds 
========================================================================
Received Import Request.
  Time since last request: 22.254548 seconds.
  path: Assets/Textures/Environment/Dirt Layer.terrainlayer
  artifactKey: Guid(1c593d1b72c204bf890c1955fecf56c2) Importer(815301076,1909f56bfc062723c751e8b465ee728b)
Start importing Assets/Textures/Environment/Dirt Layer.terrainlayer using Guid(1c593d1b72c204bf890c1955fecf56c2) Importer(815301076,1909f56bfc062723c751e8b465ee728b)  -> (artifact id: 'c1536f4a4c0c6474d3566190292ecfdf') in 0.013810 seconds 
========================================================================
Received Import Request.
  Time since last request: 254.771381 seconds.
  path: Assets/Textures/Environment/Grass Layer.terrainlayer
  artifactKey: Guid(bd5de78b0245f46b8bc8a24ec3acc5fa) Importer(815301076,1909f56bfc062723c751e8b465ee728b)
Start importing Assets/Textures/Environment/Grass Layer.terrainlayer using Guid(bd5de78b0245f46b8bc8a24ec3acc5fa) Importer(815301076,1909f56bfc062723c751e8b465ee728b)  -> (artifact id: 'aa1c1fe47205a6e116c010822cc8d8c4') in 0.010335 seconds 
========================================================================
Received Import Request.
  Time since last request: 0.005163 seconds.
  path: Assets/Textures/Environment/Dirt Layer.terrainlayer
  artifactKey: Guid(1c593d1b72c204bf890c1955fecf56c2) Importer(815301076,1909f56bfc062723c751e8b465ee728b)
Start importing Assets/Textures/Environment/Dirt Layer.terrainlayer using Guid(1c593d1b72c204bf890c1955fecf56c2) Importer(815301076,1909f56bfc062723c751e8b465ee728b)  -> (artifact id: 'a98068cf9de61ff7a5608a03fbaca774') in 0.004168 seconds 
========================================================================
Received Import Request.
  Time since last request: 188.723042 seconds.
  path: Assets/Textures/Environment/Dirt Layer.terrainlayer
  artifactKey: Guid(1c593d1b72c204bf890c1955fecf56c2) Importer(815301076,1909f56bfc062723c751e8b465ee728b)
Start importing Assets/Textures/Environment/Dirt Layer.terrainlayer using Guid(1c593d1b72c204bf890c1955fecf56c2) Importer(815301076,1909f56bfc062723c751e8b465ee728b)  -> (artifact id: 'cdacff1c16badd812eb3518362f337ba') in 0.192031 seconds 
========================================================================
Received Import Request.
  Time since last request: 58.279414 seconds.
  path: Assets/Textures/Environment/rock.png
  artifactKey: Guid(61d7a096e62f84511a4b1dd6422a0524) Importer(815301076,1909f56bfc062723c751e8b465ee728b)
Start importing Assets/Textures/Environment/rock.png using Guid(61d7a096e62f84511a4b1dd6422a0524) Importer(815301076,1909f56bfc062723c751e8b465ee728b)  -> (artifact id: '618e6723b3e2a0183d4afad6baad5282') in 0.105477 seconds 
========================================================================
Received Import Request.
  Time since last request: 11.829010 seconds.
  path: Assets/Textures/Environment/Rock Layer.terrainlayer
  artifactKey: Guid(d32983250bcd141adb6a025409282839) Importer(815301076,1909f56bfc062723c751e8b465ee728b)
Start importing Assets/Textures/Environment/Rock Layer.terrainlayer using Guid(d32983250bcd141adb6a025409282839) Importer(815301076,1909f56bfc062723c751e8b465ee728b)  -> (artifact id: 'e857438aeea7fd16956c4ac78e456a1e') in 0.012544 seconds 
========================================================================
Received Import Request.
  Time since last request: 494.392528 seconds.
  path: Assets/Textures/Environment/snow.png
  artifactKey: Guid(af3a65afaefa948b2b59ee44d819f0b3) Importer(815301076,1909f56bfc062723c751e8b465ee728b)
Start importing Assets/Textures/Environment/snow.png using Guid(af3a65afaefa948b2b59ee44d819f0b3) Importer(815301076,1909f56bfc062723c751e8b465ee728b)  -> (artifact id: '1c28b06122b96f2ca487a657ef1ba633') in 0.141079 seconds 
========================================================================
Received Import Request.
  Time since last request: 7.906999 seconds.
  path: Assets/Textures/Environment/rock.png
  artifactKey: Guid(61d7a096e62f84511a4b1dd6422a0524) Importer(815301076,1909f56bfc062723c751e8b465ee728b)
Start importing Assets/Textures/Environment/rock.png using Guid(61d7a096e62f84511a4b1dd6422a0524) Importer(815301076,1909f56bfc062723c751e8b465ee728b)  -> (artifact id: 'eb34d59a75cb226b601f19db1855d287') in 0.009981 seconds 
========================================================================
Received Import Request.
  Time since last request: 2.988171 seconds.
  path: Assets/Textures/Environment/rock_normal.png
  artifactKey: Guid(888a48646719b4fb6be3b4a25ee1d686) Importer(815301076,1909f56bfc062723c751e8b465ee728b)
Start importing Assets/Textures/Environment/rock_normal.png using Guid(888a48646719b4fb6be3b4a25ee1d686) Importer(815301076,1909f56bfc062723c751e8b465ee728b)  -> (artifact id: 'b0f83c3da767d46635c8469d28b781c9') in 0.010896 seconds 
========================================================================
Received Import Request.
  Time since last request: 2.513071 seconds.
  path: Assets/Textures/Environment/snow.png
  artifactKey: Guid(af3a65afaefa948b2b59ee44d819f0b3) Importer(815301076,1909f56bfc062723c751e8b465ee728b)
Start importing Assets/Textures/Environment/snow.png using Guid(af3a65afaefa948b2b59ee44d819f0b3) Importer(815301076,1909f56bfc062723c751e8b465ee728b)  -> (artifact id: '2bf3d15b35e3210ae89b6ab2645d857d') in 0.010317 seconds 
========================================================================
Received Import Request.
  Time since last request: 3.027521 seconds.
  path: Assets/Textures/Environment/snow_normal.png
  artifactKey: Guid(2c8535bb2781d44dcbe0f5d0017d3805) Importer(815301076,1909f56bfc062723c751e8b465ee728b)
Start importing Assets/Textures/Environment/snow_normal.png using Guid(2c8535bb2781d44dcbe0f5d0017d3805) Importer(815301076,1909f56bfc062723c751e8b465ee728b)  -> (artifact id: 'df6f4828acb75f08c8ab86651e24cf48') in 0.010352 seconds 
========================================================================
Received Import Request.
  Time since last request: 18.281035 seconds.
  path: Assets/Textures/Environment/Snow Layer.terrainlayer
  artifactKey: Guid(dc308fef3936946168ebf4378581e4c8) Importer(815301076,1909f56bfc062723c751e8b465ee728b)
Start importing Assets/Textures/Environment/Snow Layer.terrainlayer using Guid(dc308fef3936946168ebf4378581e4c8) Importer(815301076,1909f56bfc062723c751e8b465ee728b)  -> (artifact id: '7b4c906a1df984fbbf1599eb929694e8') in 0.011448 seconds 
========================================================================
Received Import Request.
  Time since last request: 488.142955 seconds.
  path: Assets/Textures/Environment/Rock Layer.terrainlayer
  artifactKey: Guid(d32983250bcd141adb6a025409282839) Importer(815301076,1909f56bfc062723c751e8b465ee728b)
Start importing Assets/Textures/Environment/Rock Layer.terrainlayer using Guid(d32983250bcd141adb6a025409282839) Importer(815301076,1909f56bfc062723c751e8b465ee728b)  -> (artifact id: 'c141321f2a5e9f3b294ad2ac4b85855e') in 0.041732 seconds 
========================================================================
Received Prepare
Registering precompiled user dll's ...
Registered in 0.001017 seconds.
Begin MonoManager ReloadAssembly
Thread 0x16fa0f000 may have been prematurely finalized
Symbol file LoadedFromMemory doesn't match image /Users/jimtoogood/Unity/70% Coursework/70_Coursework/Library/PackageCache/com.unity.visualscripting@1.7.6/Editor/VisualScripting.Core/Dependencies/YamlDotNet/Unity.VisualScripting.YamlDotNet.dll
Symbol file LoadedFromMemory doesn't match image /Users/jimtoogood/Unity/70% Coursework/70_Coursework/Library/PackageCache/com.unity.visualscripting@1.7.6/Editor/VisualScripting.Core/Dependencies/DotNetZip/Unity.VisualScripting.IonicZip.dll
Native extension for OSXStandalone target not found
Refreshing native plugins compatible for Editor in 0.52 ms, found 2 plugins.
Preloading 0 native plugins for Editor in 0.00 ms.
Mono: successfully reloaded assembly
- Completed reload, in  0.563 seconds
Domain Reload Profiling:
	ReloadAssembly (563ms)
		BeginReloadAssembly (90ms)
			ExecutionOrderSort (0ms)
			DisableScriptedObjects (4ms)
			BackupInstance (0ms)
			ReleaseScriptingObjects (0ms)
			CreateAndSetChildDomain (40ms)
		EndReloadAssembly (420ms)
			LoadAssemblies (29ms)
			RebuildTransferFunctionScriptingTraits (0ms)
			SetupTypeCache (161ms)
			ReleaseScriptCaches (1ms)
			RebuildScriptCaches (28ms)
			SetupLoadedEditorAssemblies (164ms)
				LogAssemblyErrors (0ms)
				InitializePlatformSupportModulesInManaged (5ms)
				SetLoadedEditorAssemblies (0ms)
				RefreshPlugins (1ms)
				BeforeProcessingInitializeOnLoad (36ms)
				ProcessInitializeOnLoadAttributes (110ms)
				ProcessInitializeOnLoadMethodAttributes (12ms)
				AfterProcessingInitializeOnLoad (1ms)
				EditorAssembliesLoaded (0ms)
			ExecutionOrderSort2 (0ms)
			AwakeInstancesAfterBackupRestoration (6ms)
Platform modules already initialized, skipping
Refreshing native plugins compatible for Editor in 0.52 ms, found 2 plugins.
Preloading 0 native plugins for Editor in 0.00 ms.
Unloading 3588 Unused Serialized files (Serialized files now loaded: 0)
Unloading 22 unused Assets / (73.1 KB). Loaded Objects now: 4411.
Memory consumption went from 310.8 MB to 310.7 MB.
Total: 2.507208 ms (FindLiveObjects: 0.198208 ms CreateObjectMapping: 0.040125 ms MarkObjects: 2.144583 ms  DeleteObjects: 0.123333 ms)

AssetImportParameters requested are different than current active one (requested -> active):
  custom:video-decoder-ogg-theora: a1e56fd34408186e4bbccfd4996cb3dc -> 
  custom:container-muxer-webm: aa71ff27fc2769a1b78a27578f13a17b -> 
  custom:container-demuxer-webm: 4f35f7cbe854078d1ac9338744f61a02 -> 
  custom:video-encoder-webm-vp8: eb34c28f22e8b96e1ab97ce403110664 -> 
  custom:framework-osx-AVFoundation: e770b220cccbd017edd2c1fefb359320 -> 
  custom:audio-encoder-webm-vorbis: bf7c407c2cedff20999df2af8eb42d56 -> 
  custom:container-demuxer-ogg: 62fdf1f143b41e24485cea50d1cbac27 -> 
  custom:video-decoder-webm-vp8: 9c59270c3fd7afecdb556c50c9e8de78 -> 
  custom:audio-decoder-ogg-vorbis: bf7c407c2cedff20999df2af8eb42d56 -> 
========================================================================
Received Import Request.
  Time since last request: 438.167191 seconds.
  path: Assets/Textures/Environment/Rock Layer.terrainlayer
  artifactKey: Guid(d32983250bcd141adb6a025409282839) Importer(815301076,1909f56bfc062723c751e8b465ee728b)
Start importing Assets/Textures/Environment/Rock Layer.terrainlayer using Guid(d32983250bcd141adb6a025409282839) Importer(815301076,1909f56bfc062723c751e8b465ee728b)  -> (artifact id: '35fa87754956f648c0f52173ae894553') in 0.159093 seconds 
========================================================================
Received Prepare
Registering precompiled user dll's ...
Registered in 0.000988 seconds.
Begin MonoManager ReloadAssembly
Thread 0x16fa0f000 may have been prematurely finalized
Symbol file LoadedFromMemory doesn't match image /Users/jimtoogood/Unity/70% Coursework/70_Coursework/Library/PackageCache/com.unity.visualscripting@1.7.6/Editor/VisualScripting.Core/Dependencies/YamlDotNet/Unity.VisualScripting.YamlDotNet.dll
Symbol file LoadedFromMemory doesn't match image /Users/jimtoogood/Unity/70% Coursework/70_Coursework/Library/PackageCache/com.unity.visualscripting@1.7.6/Editor/VisualScripting.Core/Dependencies/DotNetZip/Unity.VisualScripting.IonicZip.dll
Native extension for OSXStandalone target not found
Refreshing native plugins compatible for Editor in 0.38 ms, found 2 plugins.
Preloading 0 native plugins for Editor in 0.00 ms.
Mono: successfully reloaded assembly
- Completed reload, in  0.504 seconds
Domain Reload Profiling:
	ReloadAssembly (505ms)
		BeginReloadAssembly (75ms)
			ExecutionOrderSort (0ms)
			DisableScriptedObjects (4ms)
			BackupInstance (0ms)
			ReleaseScriptingObjects (0ms)
			CreateAndSetChildDomain (32ms)
		EndReloadAssembly (380ms)
			LoadAssemblies (25ms)
			RebuildTransferFunctionScriptingTraits (0ms)
			SetupTypeCache (150ms)
			ReleaseScriptCaches (1ms)
			RebuildScriptCaches (25ms)
			SetupLoadedEditorAssemblies (150ms)
				LogAssemblyErrors (0ms)
				InitializePlatformSupportModulesInManaged (4ms)
				SetLoadedEditorAssemblies (0ms)
				RefreshPlugins (0ms)
				BeforeProcessingInitializeOnLoad (33ms)
				ProcessInitializeOnLoadAttributes (101ms)
				ProcessInitializeOnLoadMethodAttributes (10ms)
				AfterProcessingInitializeOnLoad (1ms)
				EditorAssembliesLoaded (0ms)
			ExecutionOrderSort2 (0ms)
			AwakeInstancesAfterBackupRestoration (5ms)
Platform modules already initialized, skipping
Refreshing native plugins compatible for Editor in 0.37 ms, found 2 plugins.
Preloading 0 native plugins for Editor in 0.00 ms.
Unloading 3582 Unused Serialized files (Serialized files now loaded: 0)
Unloading 22 unused Assets / (73.0 KB). Loaded Objects now: 4413.
Memory consumption went from 313.0 MB to 313.0 MB.
Total: 3.589666 ms (FindLiveObjects: 0.133917 ms CreateObjectMapping: 0.041084 ms MarkObjects: 3.339916 ms  DeleteObjects: 0.074000 ms)

AssetImportParameters requested are different than current active one (requested -> active):
  custom:video-decoder-ogg-theora: a1e56fd34408186e4bbccfd4996cb3dc -> 
  custom:container-muxer-webm: aa71ff27fc2769a1b78a27578f13a17b -> 
  custom:container-demuxer-webm: 4f35f7cbe854078d1ac9338744f61a02 -> 
  custom:video-encoder-webm-vp8: eb34c28f22e8b96e1ab97ce403110664 -> 
  custom:framework-osx-AVFoundation: e770b220cccbd017edd2c1fefb359320 -> 
  custom:audio-encoder-webm-vorbis: bf7c407c2cedff20999df2af8eb42d56 -> 
  custom:container-demuxer-ogg: 62fdf1f143b41e24485cea50d1cbac27 -> 
  custom:video-decoder-webm-vp8: 9c59270c3fd7afecdb556c50c9e8de78 -> 
  custom:audio-decoder-ogg-vorbis: bf7c407c2cedff20999df2af8eb42d56 -> 
========================================================================
Received Prepare
Registering precompiled user dll's ...
Registered in 0.002465 seconds.
Begin MonoManager ReloadAssembly
Thread 0x16fa0f000 may have been prematurely finalized
Symbol file LoadedFromMemory doesn't match image /Users/jimtoogood/Unity/70% Coursework/70_Coursework/Library/PackageCache/com.unity.visualscripting@1.7.6/Editor/VisualScripting.Core/Dependencies/YamlDotNet/Unity.VisualScripting.YamlDotNet.dll
Symbol file LoadedFromMemory doesn't match image /Users/jimtoogood/Unity/70% Coursework/70_Coursework/Library/PackageCache/com.unity.visualscripting@1.7.6/Editor/VisualScripting.Core/Dependencies/DotNetZip/Unity.VisualScripting.IonicZip.dll
Native extension for OSXStandalone target not found
Refreshing native plugins compatible for Editor in 0.39 ms, found 2 plugins.
Preloading 0 native plugins for Editor in 0.00 ms.
Mono: successfully reloaded assembly
- Completed reload, in  0.563 seconds
Domain Reload Profiling:
	ReloadAssembly (563ms)
		BeginReloadAssembly (102ms)
			ExecutionOrderSort (0ms)
			DisableScriptedObjects (10ms)
			BackupInstance (0ms)
			ReleaseScriptingObjects (0ms)
			CreateAndSetChildDomain (40ms)
		EndReloadAssembly (410ms)
			LoadAssemblies (32ms)
			RebuildTransferFunctionScriptingTraits (0ms)
			SetupTypeCache (164ms)
			ReleaseScriptCaches (1ms)
			RebuildScriptCaches (28ms)
			SetupLoadedEditorAssemblies (157ms)
				LogAssemblyErrors (0ms)
				InitializePlatformSupportModulesInManaged (4ms)
				SetLoadedEditorAssemblies (0ms)
				RefreshPlugins (0ms)
				BeforeProcessingInitializeOnLoad (34ms)
				ProcessInitializeOnLoadAttributes (105ms)
				ProcessInitializeOnLoadMethodAttributes (12ms)
				AfterProcessingInitializeOnLoad (1ms)
				EditorAssembliesLoaded (0ms)
			ExecutionOrderSort2 (0ms)
			AwakeInstancesAfterBackupRestoration (6ms)
Platform modules already initialized, skipping
Refreshing native plugins compatible for Editor in 0.51 ms, found 2 plugins.
Preloading 0 native plugins for Editor in 0.00 ms.
Unloading 3582 Unused Serialized files (Serialized files now loaded: 0)
Unloading 22 unused Assets / (88.9 KB). Loaded Objects now: 4415.
Memory consumption went from 315.3 MB to 315.2 MB.
Total: 2.430583 ms (FindLiveObjects: 0.173000 ms CreateObjectMapping: 0.037584 ms MarkObjects: 2.125583 ms  DeleteObjects: 0.093792 ms)

AssetImportParameters requested are different than current active one (requested -> active):
  custom:video-decoder-ogg-theora: a1e56fd34408186e4bbccfd4996cb3dc -> 
  custom:container-muxer-webm: aa71ff27fc2769a1b78a27578f13a17b -> 
  custom:container-demuxer-webm: 4f35f7cbe854078d1ac9338744f61a02 -> 
  custom:video-encoder-webm-vp8: eb34c28f22e8b96e1ab97ce403110664 -> 
  custom:framework-osx-AVFoundation: e770b220cccbd017edd2c1fefb359320 -> 
  custom:audio-encoder-webm-vorbis: bf7c407c2cedff20999df2af8eb42d56 -> 
  custom:container-demuxer-ogg: 62fdf1f143b41e24485cea50d1cbac27 -> 
  custom:video-decoder-webm-vp8: 9c59270c3fd7afecdb556c50c9e8de78 -> 
  custom:audio-decoder-ogg-vorbis: bf7c407c2cedff20999df2af8eb42d56 -> 
========================================================================
Received Prepare
Registering precompiled user dll's ...
Registered in 0.001293 seconds.
Begin MonoManager ReloadAssembly
Thread 0x16fa0f000 may have been prematurely finalized
Symbol file LoadedFromMemory doesn't match image /Users/jimtoogood/Unity/70% Coursework/70_Coursework/Library/PackageCache/com.unity.visualscripting@1.7.6/Editor/VisualScripting.Core/Dependencies/YamlDotNet/Unity.VisualScripting.YamlDotNet.dll
Symbol file LoadedFromMemory doesn't match image /Users/jimtoogood/Unity/70% Coursework/70_Coursework/Library/PackageCache/com.unity.visualscripting@1.7.6/Editor/VisualScripting.Core/Dependencies/DotNetZip/Unity.VisualScripting.IonicZip.dll
Native extension for OSXStandalone target not found
Refreshing native plugins compatible for Editor in 0.56 ms, found 2 plugins.
Preloading 0 native plugins for Editor in 0.00 ms.
Mono: successfully reloaded assembly
- Completed reload, in  0.528 seconds
Domain Reload Profiling:
	ReloadAssembly (529ms)
		BeginReloadAssembly (75ms)
			ExecutionOrderSort (0ms)
			DisableScriptedObjects (4ms)
			BackupInstance (0ms)
			ReleaseScriptingObjects (0ms)
			CreateAndSetChildDomain (31ms)
		EndReloadAssembly (403ms)
			LoadAssemblies (25ms)
			RebuildTransferFunctionScriptingTraits (0ms)
			SetupTypeCache (160ms)
			ReleaseScriptCaches (1ms)
			RebuildScriptCaches (25ms)
			SetupLoadedEditorAssemblies (159ms)
				LogAssemblyErrors (0ms)
				InitializePlatformSupportModulesInManaged (4ms)
				SetLoadedEditorAssemblies (0ms)
				RefreshPlugins (1ms)
				BeforeProcessingInitializeOnLoad (34ms)
				ProcessInitializeOnLoadAttributes (107ms)
				ProcessInitializeOnLoadMethodAttributes (12ms)
				AfterProcessingInitializeOnLoad (1ms)
				EditorAssembliesLoaded (0ms)
			ExecutionOrderSort2 (0ms)
			AwakeInstancesAfterBackupRestoration (6ms)
Platform modules already initialized, skipping
Refreshing native plugins compatible for Editor in 0.47 ms, found 2 plugins.
Preloading 0 native plugins for Editor in 0.00 ms.
Unloading 3582 Unused Serialized files (Serialized files now loaded: 0)
Unloading 22 unused Assets / (73.0 KB). Loaded Objects now: 4417.
Memory consumption went from 317.5 MB to 317.5 MB.
Total: 2.376125 ms (FindLiveObjects: 0.171416 ms CreateObjectMapping: 0.038292 ms MarkObjects: 2.089750 ms  DeleteObjects: 0.075292 ms)

AssetImportParameters requested are different than current active one (requested -> active):
  custom:video-decoder-ogg-theora: a1e56fd34408186e4bbccfd4996cb3dc -> 
  custom:container-muxer-webm: aa71ff27fc2769a1b78a27578f13a17b -> 
  custom:container-demuxer-webm: 4f35f7cbe854078d1ac9338744f61a02 -> 
  custom:video-encoder-webm-vp8: eb34c28f22e8b96e1ab97ce403110664 -> 
  custom:framework-osx-AVFoundation: e770b220cccbd017edd2c1fefb359320 -> 
  custom:audio-encoder-webm-vorbis: bf7c407c2cedff20999df2af8eb42d56 -> 
  custom:container-demuxer-ogg: 62fdf1f143b41e24485cea50d1cbac27 -> 
  custom:video-decoder-webm-vp8: 9c59270c3fd7afecdb556c50c9e8de78 -> 
  custom:audio-decoder-ogg-vorbis: bf7c407c2cedff20999df2af8eb42d56 -> 
========================================================================
Received Prepare
Registering precompiled user dll's ...
Registered in 0.001103 seconds.
Begin MonoManager ReloadAssembly
Thread 0x16fa0f000 may have been prematurely finalized
Symbol file LoadedFromMemory doesn't match image /Users/jimtoogood/Unity/70% Coursework/70_Coursework/Library/PackageCache/com.unity.visualscripting@1.7.6/Editor/VisualScripting.Core/Dependencies/YamlDotNet/Unity.VisualScripting.YamlDotNet.dll
Symbol file LoadedFromMemory doesn't match image /Users/jimtoogood/Unity/70% Coursework/70_Coursework/Library/PackageCache/com.unity.visualscripting@1.7.6/Editor/VisualScripting.Core/Dependencies/DotNetZip/Unity.VisualScripting.IonicZip.dll
Native extension for OSXStandalone target not found
Refreshing native plugins compatible for Editor in 0.66 ms, found 2 plugins.
Preloading 0 native plugins for Editor in 0.00 ms.
Mono: successfully reloaded assembly
- Completed reload, in  0.581 seconds
Domain Reload Profiling:
	ReloadAssembly (581ms)
		BeginReloadAssembly (107ms)
			ExecutionOrderSort (0ms)
			DisableScriptedObjects (6ms)
			BackupInstance (0ms)
			ReleaseScriptingObjects (0ms)
			CreateAndSetChildDomain (47ms)
		EndReloadAssembly (422ms)
			LoadAssemblies (32ms)
			RebuildTransferFunctionScriptingTraits (0ms)
			SetupTypeCache (166ms)
			ReleaseScriptCaches (1ms)
			RebuildScriptCaches (28ms)
			SetupLoadedEditorAssemblies (165ms)
				LogAssemblyErrors (0ms)
				InitializePlatformSupportModulesInManaged (5ms)
				SetLoadedEditorAssemblies (0ms)
				RefreshPlugins (1ms)
				BeforeProcessingInitializeOnLoad (36ms)
				ProcessInitializeOnLoadAttributes (111ms)
				ProcessInitializeOnLoadMethodAttributes (13ms)
				AfterProcessingInitializeOnLoad (1ms)
				EditorAssembliesLoaded (0ms)
			ExecutionOrderSort2 (0ms)
			AwakeInstancesAfterBackupRestoration (7ms)
Platform modules already initialized, skipping
Refreshing native plugins compatible for Editor in 0.52 ms, found 2 plugins.
Preloading 0 native plugins for Editor in 0.00 ms.
Unloading 3582 Unused Serialized files (Serialized files now loaded: 0)
Unloading 22 unused Assets / (88.9 KB). Loaded Objects now: 4419.
Memory consumption went from 319.8 MB to 319.7 MB.
Total: 2.509542 ms (FindLiveObjects: 0.267500 ms CreateObjectMapping: 0.037417 ms MarkObjects: 2.108791 ms  DeleteObjects: 0.094459 ms)

AssetImportParameters requested are different than current active one (requested -> active):
  custom:video-decoder-ogg-theora: a1e56fd34408186e4bbccfd4996cb3dc -> 
  custom:container-muxer-webm: aa71ff27fc2769a1b78a27578f13a17b -> 
  custom:container-demuxer-webm: 4f35f7cbe854078d1ac9338744f61a02 -> 
  custom:video-encoder-webm-vp8: eb34c28f22e8b96e1ab97ce403110664 -> 
  custom:framework-osx-AVFoundation: e770b220cccbd017edd2c1fefb359320 -> 
  custom:audio-encoder-webm-vorbis: bf7c407c2cedff20999df2af8eb42d56 -> 
  custom:container-demuxer-ogg: 62fdf1f143b41e24485cea50d1cbac27 -> 
  custom:video-decoder-webm-vp8: 9c59270c3fd7afecdb556c50c9e8de78 -> 
  custom:audio-decoder-ogg-vorbis: bf7c407c2cedff20999df2af8eb42d56 -> 
